==1493== Memcheck, a memory error detector
==1493== Copyright (C) 2002-2017, and GNU GPL'd, by Julian Seward et al.
==1493== Using Valgrind-3.13.0 and LibVEX; rerun with -h for copyright info
==1493== Command: ./MAGOS
==1493== Parent PID: 4
==1493== 
--1493-- 
--1493-- Valgrind options:
--1493--    -v
--1493--    --tool=memcheck
--1493--    --leak-check=full
--1493--    --num-callers=40
--1493--    --log-file=valgrind.log
--1493-- Contents of /proc/version:
--1493--   Linux version 4.4.0-17134-Microsoft (Microsoft@Microsoft.com) (gcc version 5.4.0 (GCC) ) #345-Microsoft Wed Sep 19 17:47:00 PST 2018
--1493-- 
--1493-- Arch and hwcaps: AMD64, LittleEndian, amd64-cx16-rdtscp-sse3-avx
--1493-- Page sizes: currently 4096, max supported 4096
--1493-- Valgrind library directory: /usr/lib/valgrind
--1493-- Reading syms from /root/MAGOS/build_magos/MAGOS
--1493-- Reading syms from /lib/x86_64-linux-gnu/ld-2.27.so
--1493--   Considering /lib/x86_64-linux-gnu/ld-2.27.so ..
--1493--   .. CRC mismatch (computed 1b7c895e wanted 2943108a)
--1493--   Considering /usr/lib/debug/lib/x86_64-linux-gnu/ld-2.27.so ..
--1493--   .. CRC is valid
--1493-- Reading syms from /usr/lib/valgrind/memcheck-amd64-linux
--1493--   Considering /usr/lib/valgrind/memcheck-amd64-linux ..
--1493--   .. CRC mismatch (computed c25f395c wanted 0a9602a8)
--1493--    object doesn't have a symbol table
--1493--    object doesn't have a dynamic symbol table
--1493-- Scheduler: using generic scheduler lock implementation.
--1493-- Reading suppressions file: /usr/lib/valgrind/default.supp
==1493== embedded gdbserver: reading from /tmp/vgdb-pipe-from-vgdb-to-1493-by-root-on-???
==1493== embedded gdbserver: writing to   /tmp/vgdb-pipe-to-vgdb-from-1493-by-root-on-???
==1493== embedded gdbserver: shared mem   /tmp/vgdb-pipe-shared-mem-vgdb-1493-by-root-on-???
==1493== 
==1493== TO CONTROL THIS PROCESS USING vgdb (which you probably
==1493== don't want to do, unless you know exactly what you're doing,
==1493== or are doing some strange experiment):
==1493==   /usr/lib/valgrind/../../bin/vgdb --pid=1493 ...command...
==1493== 
==1493== TO DEBUG THIS PROCESS USING GDB: start GDB like this
==1493==   /path/to/gdb ./MAGOS
==1493== and then give GDB the following command
==1493==   target remote | /usr/lib/valgrind/../../bin/vgdb --pid=1493
==1493== --pid is optional if only one valgrind process is running
==1493== 
==1493== error calling PR_SET_PTRACER, vgdb might block
--1493-- REDIR: 0x401f2f0 (ld-linux-x86-64.so.2:strlen) redirected to 0x58060901 (???)
--1493-- REDIR: 0x401f0d0 (ld-linux-x86-64.so.2:index) redirected to 0x5806091b (???)
--1493-- Reading syms from /usr/lib/valgrind/vgpreload_core-amd64-linux.so
--1493--   Considering /usr/lib/valgrind/vgpreload_core-amd64-linux.so ..
--1493--   .. CRC mismatch (computed 4b63d83e wanted 670599e6)
--1493--    object doesn't have a symbol table
--1493-- Reading syms from /usr/lib/valgrind/vgpreload_memcheck-amd64-linux.so
--1493--   Considering /usr/lib/valgrind/vgpreload_memcheck-amd64-linux.so ..
--1493--   .. CRC mismatch (computed a4b37bee wanted 8ad4dc94)
--1493--    object doesn't have a symbol table
==1493== WARNING: new redirection conflicts with existing -- ignoring it
--1493--     old: 0x0401f2f0 (strlen              ) R-> (0000.0) 0x58060901 ???
--1493--     new: 0x0401f2f0 (strlen              ) R-> (2007.0) 0x04c32db0 strlen
--1493-- REDIR: 0x401d360 (ld-linux-x86-64.so.2:strcmp) redirected to 0x4c33ee0 (strcmp)
--1493-- REDIR: 0x401f830 (ld-linux-x86-64.so.2:mempcpy) redirected to 0x4c374f0 (mempcpy)
--1493-- Reading syms from /usr/lib/x86_64-linux-gnu/libstdc++.so.6.0.25
--1493--    object doesn't have a symbol table
--1493-- Reading syms from /lib/x86_64-linux-gnu/libm-2.27.so
--1493--   Considering /lib/x86_64-linux-gnu/libm-2.27.so ..
--1493--   .. CRC mismatch (computed 7feae033 wanted b29b2508)
--1493--   Considering /usr/lib/debug/lib/x86_64-linux-gnu/libm-2.27.so ..
--1493--   .. CRC is valid
--1493-- Reading syms from /lib/x86_64-linux-gnu/libgcc_s.so.1
--1493--    object doesn't have a symbol table
--1493-- Reading syms from /lib/x86_64-linux-gnu/libc-2.27.so
--1493--   Considering /lib/x86_64-linux-gnu/libc-2.27.so ..
--1493--   .. CRC mismatch (computed b1c74187 wanted 042cc048)
--1493--   Considering /usr/lib/debug/lib/x86_64-linux-gnu/libc-2.27.so ..
--1493--   .. CRC is valid
--1493-- REDIR: 0x5819c70 (libc.so.6:memmove) redirected to 0x4a2a6e0 (_vgnU_ifunc_wrapper)
--1493-- REDIR: 0x5818d40 (libc.so.6:strncpy) redirected to 0x4a2a6e0 (_vgnU_ifunc_wrapper)
--1493-- REDIR: 0x5819f50 (libc.so.6:strcasecmp) redirected to 0x4a2a6e0 (_vgnU_ifunc_wrapper)
--1493-- REDIR: 0x5818790 (libc.so.6:strcat) redirected to 0x4a2a6e0 (_vgnU_ifunc_wrapper)
--1493-- REDIR: 0x5818d70 (libc.so.6:rindex) redirected to 0x4a2a6e0 (_vgnU_ifunc_wrapper)
--1493-- REDIR: 0x581b7c0 (libc.so.6:rawmemchr) redirected to 0x4a2a6e0 (_vgnU_ifunc_wrapper)
--1493-- REDIR: 0x5819de0 (libc.so.6:mempcpy) redirected to 0x4a2a6e0 (_vgnU_ifunc_wrapper)
--1493-- REDIR: 0x5819c10 (libc.so.6:bcmp) redirected to 0x4a2a6e0 (_vgnU_ifunc_wrapper)
--1493-- REDIR: 0x5818d00 (libc.so.6:strncmp) redirected to 0x4a2a6e0 (_vgnU_ifunc_wrapper)
--1493-- REDIR: 0x5818800 (libc.so.6:strcmp) redirected to 0x4a2a6e0 (_vgnU_ifunc_wrapper)
--1493-- REDIR: 0x5819d40 (libc.so.6:memset) redirected to 0x4a2a6e0 (_vgnU_ifunc_wrapper)
--1493-- REDIR: 0x58370f0 (libc.so.6:wcschr) redirected to 0x4a2a6e0 (_vgnU_ifunc_wrapper)
--1493-- REDIR: 0x5818ca0 (libc.so.6:strnlen) redirected to 0x4a2a6e0 (_vgnU_ifunc_wrapper)
--1493-- REDIR: 0x5818870 (libc.so.6:strcspn) redirected to 0x4a2a6e0 (_vgnU_ifunc_wrapper)
--1493-- REDIR: 0x5819fa0 (libc.so.6:strncasecmp) redirected to 0x4a2a6e0 (_vgnU_ifunc_wrapper)
--1493-- REDIR: 0x5818840 (libc.so.6:strcpy) redirected to 0x4a2a6e0 (_vgnU_ifunc_wrapper)
--1493-- REDIR: 0x581a0e0 (libc.so.6:memcpy@@GLIBC_2.14) redirected to 0x4a2a6e0 (_vgnU_ifunc_wrapper)
--1493-- REDIR: 0x5818da0 (libc.so.6:strpbrk) redirected to 0x4a2a6e0 (_vgnU_ifunc_wrapper)
--1493-- REDIR: 0x58187c0 (libc.so.6:index) redirected to 0x4a2a6e0 (_vgnU_ifunc_wrapper)
--1493-- REDIR: 0x5818c70 (libc.so.6:strlen) redirected to 0x4a2a6e0 (_vgnU_ifunc_wrapper)
--1493-- REDIR: 0x58236c0 (libc.so.6:memrchr) redirected to 0x4a2a6e0 (_vgnU_ifunc_wrapper)
--1493-- REDIR: 0x5819ff0 (libc.so.6:strcasecmp_l) redirected to 0x4a2a6e0 (_vgnU_ifunc_wrapper)
--1493-- REDIR: 0x5819be0 (libc.so.6:memchr) redirected to 0x4a2a6e0 (_vgnU_ifunc_wrapper)
--1493-- REDIR: 0x5837eb0 (libc.so.6:wcslen) redirected to 0x4a2a6e0 (_vgnU_ifunc_wrapper)
--1493-- REDIR: 0x5819050 (libc.so.6:strspn) redirected to 0x4a2a6e0 (_vgnU_ifunc_wrapper)
--1493-- REDIR: 0x5819f20 (libc.so.6:stpncpy) redirected to 0x4a2a6e0 (_vgnU_ifunc_wrapper)
--1493-- REDIR: 0x5819ef0 (libc.so.6:stpcpy) redirected to 0x4a2a6e0 (_vgnU_ifunc_wrapper)
--1493-- REDIR: 0x581b7f0 (libc.so.6:strchrnul) redirected to 0x4a2a6e0 (_vgnU_ifunc_wrapper)
--1493-- REDIR: 0x581a040 (libc.so.6:strncasecmp_l) redirected to 0x4a2a6e0 (_vgnU_ifunc_wrapper)
--1493-- REDIR: 0x582c330 (libc.so.6:__strrchr_sse2) redirected to 0x4c32790 (__strrchr_sse2)
--1493-- REDIR: 0x5812070 (libc.so.6:malloc) redirected to 0x4c2faa0 (malloc)
--1493-- REDIR: 0x582c620 (libc.so.6:__strlen_sse2) redirected to 0x4c32d30 (__strlen_sse2)
--1493-- REDIR: 0x590afc0 (libc.so.6:__memcmp_sse4_1) redirected to 0x4c35d50 (__memcmp_sse4_1)
--1493-- REDIR: 0x5824e70 (libc.so.6:__strcmp_sse2_unaligned) redirected to 0x4c33da0 (strcmp)
--1493-- REDIR: 0x5836460 (libc.so.6:memcpy@GLIBC_2.2.5) redirected to 0x4c34060 (memcpy@GLIBC_2.2.5)
--1493-- REDIR: 0x5819590 (libc.so.6:__GI_strstr) redirected to 0x4c37760 (__strstr_sse2)
--1493-- REDIR: 0x4ecf240 (libstdc++.so.6:operator new[](unsigned long)) redirected to 0x4c30830 (operator new[](unsigned long))
--1493-- REDIR: 0x4ecf190 (libstdc++.so.6:operator new(unsigned long)) redirected to 0x4c30110 (operator new(unsigned long))
--1493-- REDIR: 0x4ecd2e0 (libstdc++.so.6:operator delete(void*)) redirected to 0x4c311d0 (operator delete(void*))
--1493-- REDIR: 0x5826970 (libc.so.6:__memchr_sse2) redirected to 0x4c33f80 (memchr)
--1493-- REDIR: 0x4ecd310 (libstdc++.so.6:operator delete[](void*)) redirected to 0x4c316d0 (operator delete[](void*))
--1493-- REDIR: 0x5812950 (libc.so.6:free) redirected to 0x4c30cd0 (free)
--1493-- REDIR: 0x5836870 (libc.so.6:__memset_sse2_unaligned) redirected to 0x4c365d0 (memset)
--1493-- REDIR: 0x582c120 (libc.so.6:__strchrnul_sse2) redirected to 0x4c37020 (strchrnul)
--1493-- REDIR: 0x5813c30 (libc.so.6:realloc) redirected to 0x4c31cb0 (realloc)
--1493-- REDIR: 0x5836440 (libc.so.6:__mempcpy_sse2_unaligned) redirected to 0x4c37130 (mempcpy)
==1493== 
==1493== Process terminating with default action of signal 2 (SIGINT)
==1493==    at 0x10FF13: stbiw__zlib_countm(unsigned char*, unsigned char*, int) (in /root/MAGOS/build_magos/MAGOS)
==1493==    by 0x11026A: stbi_zlib_compress(unsigned char*, int, int*, int) (in /root/MAGOS/build_magos/MAGOS)
==1493==    by 0x1116AE: stbi_write_png_to_mem(unsigned char*, int, int, int, int, int*) (in /root/MAGOS/build_magos/MAGOS)
==1493==    by 0x111AB2: stbi_write_png (in /root/MAGOS/build_magos/MAGOS)
==1493==    by 0x11373E: Render::makePNG(std::__cxx11::basic_string<char, std::char_traits<char>, std::allocator<char> >) (in /root/MAGOS/build_magos/MAGOS)
==1493==    by 0x119DB7: MAGOS::build() (in /root/MAGOS/build_magos/MAGOS)
==1493==    by 0x11E651: main (in /root/MAGOS/build_magos/MAGOS)
==1493== 
==1493== HEAP SUMMARY:
==1493==     in use at exit: 18,913,488 bytes in 1,566 blocks
==1493==   total heap usage: 26,543 allocs, 24,977 frees, 2,179,521,180 bytes allocated
==1493== 
==1493== Searching for pointers to 1,566 not-freed blocks
==1493== Checked 19,020,808 bytes
==1493== 
==1493== 120 bytes in 5 blocks are possibly lost in loss record 26 of 45
==1493==    at 0x4C2FA3F: malloc (in /usr/lib/valgrind/vgpreload_memcheck-amd64-linux.so)
==1493==    by 0x4C31D84: realloc (in /usr/lib/valgrind/vgpreload_memcheck-amd64-linux.so)
==1493==    by 0x10FD99: stbiw__sbgrowf(void**, int, int) (in /root/MAGOS/build_magos/MAGOS)
==1493==    by 0x1103DB: stbi_zlib_compress(unsigned char*, int, int*, int) (in /root/MAGOS/build_magos/MAGOS)
==1493==    by 0x1116AE: stbi_write_png_to_mem(unsigned char*, int, int, int, int, int*) (in /root/MAGOS/build_magos/MAGOS)
==1493==    by 0x111AB2: stbi_write_png (in /root/MAGOS/build_magos/MAGOS)
==1493==    by 0x11373E: Render::makePNG(std::__cxx11::basic_string<char, std::char_traits<char>, std::allocator<char> >) (in /root/MAGOS/build_magos/MAGOS)
==1493==    by 0x119DB7: MAGOS::build() (in /root/MAGOS/build_magos/MAGOS)
==1493==    by 0x11E651: main (in /root/MAGOS/build_magos/MAGOS)
==1493== 
==1493== 1,056 bytes in 13 blocks are possibly lost in loss record 35 of 45
==1493==    at 0x4C31D2F: realloc (in /usr/lib/valgrind/vgpreload_memcheck-amd64-linux.so)
==1493==    by 0x10FD99: stbiw__sbgrowf(void**, int, int) (in /root/MAGOS/build_magos/MAGOS)
==1493==    by 0x1103DB: stbi_zlib_compress(unsigned char*, int, int*, int) (in /root/MAGOS/build_magos/MAGOS)
==1493==    by 0x1116AE: stbi_write_png_to_mem(unsigned char*, int, int, int, int, int*) (in /root/MAGOS/build_magos/MAGOS)
==1493==    by 0x111AB2: stbi_write_png (in /root/MAGOS/build_magos/MAGOS)
==1493==    by 0x11373E: Render::makePNG(std::__cxx11::basic_string<char, std::char_traits<char>, std::allocator<char> >) (in /root/MAGOS/build_magos/MAGOS)
==1493==    by 0x119DB7: MAGOS::build() (in /root/MAGOS/build_magos/MAGOS)
==1493==    by 0x11E651: main (in /root/MAGOS/build_magos/MAGOS)
==1493== 
==1493== 24,583 bytes in 1 blocks are possibly lost in loss record 40 of 45
==1493==    at 0x4C31D2F: realloc (in /usr/lib/valgrind/vgpreload_memcheck-amd64-linux.so)
==1493==    by 0x10FD99: stbiw__sbgrowf(void**, int, int) (in /root/MAGOS/build_magos/MAGOS)
==1493==    by 0x10FE69: stbiw__zlib_flushf(unsigned char*, unsigned int*, int*) (in /root/MAGOS/build_magos/MAGOS)
==1493==    by 0x110706: stbi_zlib_compress(unsigned char*, int, int*, int) (in /root/MAGOS/build_magos/MAGOS)
==1493==    by 0x1116AE: stbi_write_png_to_mem(unsigned char*, int, int, int, int, int*) (in /root/MAGOS/build_magos/MAGOS)
==1493==    by 0x111AB2: stbi_write_png (in /root/MAGOS/build_magos/MAGOS)
==1493==    by 0x11373E: Render::makePNG(std::__cxx11::basic_string<char, std::char_traits<char>, std::allocator<char> >) (in /root/MAGOS/build_magos/MAGOS)
==1493==    by 0x119DB7: MAGOS::build() (in /root/MAGOS/build_magos/MAGOS)
==1493==    by 0x11E651: main (in /root/MAGOS/build_magos/MAGOS)
==1493== 
==1493== LEAK SUMMARY:
==1493==    definitely lost: 0 bytes in 0 blocks
==1493==    indirectly lost: 0 bytes in 0 blocks
==1493==      possibly lost: 25,759 bytes in 19 blocks
==1493==    still reachable: 18,887,729 bytes in 1,547 blocks
==1493==         suppressed: 0 bytes in 0 blocks
==1493== Reachable blocks (those to which a pointer was found) are not shown.
==1493== To see them, rerun with: --leak-check=full --show-leak-kinds=all
==1493== 
==1493== ERROR SUMMARY: 3 errors from 3 contexts (suppressed: 0 from 0)
==1493== ERROR SUMMARY: 3 errors from 3 contexts (suppressed: 0 from 0)
